<?xml version="1.0" encoding="UTF-8"?>
<!-- Generated by org.testng.reporters.JUnitXMLReporter -->
<testsuite hostname="filipm-VirtualBox" name="Default test" tests="11" failures="0" timestamp="28 Apr 2016 09:31:07 GMT" time="1.028" errors="0">
  <testcase name="testsMethodAddAllBooks" time="0.62" classname="com.epam.ja.kmw.dao.impl.BookDaoImplTest"/>
  <testcase name="testsMethodAddBook" time="0.004" classname="com.epam.ja.kmw.dao.impl.BookDaoImplTest"/>
  <testcase name="testsMethodDelBook" time="0.001" classname="com.epam.ja.kmw.dao.impl.BookDaoImplTest"/>
  <testcase name="testsMethodGetAllBooks" time="0.006" classname="com.epam.ja.kmw.dao.impl.BookDaoImplTest"/>
  <testcase name="testsMethodUpdateBook" time="0.002" classname="com.epam.ja.kmw.dao.impl.BookDaoImplTest"/>
  <testcase name="connectionDaoIsGood" time="0.023" classname="com.epam.ja.kmw.dao.impl.ConnectionDaoTest"/>
  <testcase name="connectionDaoIsWrong" time="0.097" classname="com.epam.ja.kmw.dao.impl.ConnectionDaoTest"/>
  <testcase name="createTablePropertiesIsGood" time="0.006" classname="com.epam.ja.kmw.dao.impl.PropertiesDaoImplTest"/>
  <testcase name="createTablePropertiesIsWrong" time="0.002" classname="com.epam.ja.kmw.dao.impl.PropertiesDaoImplTest"/>
  <testcase name="getPropertiesIsGood" time="0.002" classname="com.epam.ja.kmw.dao.impl.PropertiesDaoImplTest"/>
  <testcase name="upgradeIsGood" time="0.016" classname="com.epam.ja.kmw.dao.impl.PropertiesDaoImplTest"/>
</testsuite> <!-- Default test -->
