<?xml version="1.0" encoding="UTF-8"?>
<!-- Generated by org.testng.reporters.JUnitXMLReporter -->
<testsuite hostname="adam-VirtualBox" name="Command line test" tests="31" failures="0" timestamp="12 May 2016 10:27:02 GMT" time="0.589" errors="0">
  <testcase name="testsMethodAddAllBooks" time="0.15" classname="com.epam.ja.kmw.dao.impl.BookDaoImplTest"/>
  <testcase name="testsMethodAddAllBooks" time="0.019" classname="com.epam.ja.kmw.dao.impl.BookDaoImplTest"/>
  <testcase name="testsMethodAddAllBooks" time="0.019" classname="com.epam.ja.kmw.dao.impl.BookDaoImplTest"/>
  <testcase name="testsMethodAddBook" time="0.007" classname="com.epam.ja.kmw.dao.impl.BookDaoImplTest"/>
  <testcase name="testsMethodAddBook" time="0.004" classname="com.epam.ja.kmw.dao.impl.BookDaoImplTest"/>
  <testcase name="testsMethodAddBook" time="0.005" classname="com.epam.ja.kmw.dao.impl.BookDaoImplTest"/>
  <testcase name="testsMethodAddBook" time="0.005" classname="com.epam.ja.kmw.dao.impl.BookDaoImplTest"/>
  <testcase name="testsMethodDelBook" time="0.002" classname="com.epam.ja.kmw.dao.impl.BookDaoImplTest"/>
  <testcase name="testsMethodGetAllBooks" time="0.012" classname="com.epam.ja.kmw.dao.impl.BookDaoImplTest"/>
  <testcase name="testsMethodUpdateBook" time="0.002" classname="com.epam.ja.kmw.dao.impl.BookDaoImplTest"/>
  <testcase name="testsMethodUpdateBook" time="0.002" classname="com.epam.ja.kmw.dao.impl.BookDaoImplTest"/>
  <testcase name="testsMethodUpdateBook" time="0.001" classname="com.epam.ja.kmw.dao.impl.BookDaoImplTest"/>
  <testcase name="testsMethodUpdateBook" time="0.002" classname="com.epam.ja.kmw.dao.impl.BookDaoImplTest"/>
  <testcase name="testIfHashCodeIsDifferentForTwoDifferObjects" time="0.078" classname="com.epam.ja.kmw.model.BookTest"/>
  <testcase name="testIfHashCodeIsDifferentForTwoDifferObjects" time="0.0" classname="com.epam.ja.kmw.model.BookTest"/>
  <testcase name="testIfHashCodeIsDifferentForTwoDifferObjects" time="0.0" classname="com.epam.ja.kmw.model.BookTest"/>
  <testcase name="testIfHashCodeIsDifferentForTwoDifferObjects" time="0.0" classname="com.epam.ja.kmw.model.BookTest"/>
  <testcase name="testIfHashCodeIsSameForIdenticalObjects" time="0.0" classname="com.epam.ja.kmw.model.BookTest"/>
  <testcase name="testIfHashCodeIsSameForIdenticalObjects" time="0.0" classname="com.epam.ja.kmw.model.BookTest"/>
  <testcase name="testIfHashCodeIsSameForIdenticalObjects" time="0.0" classname="com.epam.ja.kmw.model.BookTest"/>
  <testcase name="testIfHashCodeIsSameForIdenticalObjects" time="0.0" classname="com.epam.ja.kmw.model.BookTest"/>
  <testcase name="testMethodEqualsForTwoDifferentObjects" time="0.001" classname="com.epam.ja.kmw.model.BookTest"/>
  <testcase name="testMethodEqualsForTwoDifferentObjects" time="0.0" classname="com.epam.ja.kmw.model.BookTest"/>
  <testcase name="testMethodEqualsForTwoDifferentObjects" time="0.0" classname="com.epam.ja.kmw.model.BookTest"/>
  <testcase name="testMethodEqualsForTwoDifferentObjects" time="0.001" classname="com.epam.ja.kmw.model.BookTest"/>
  <testcase name="testMethodEqualsForTwoEvenObjects" time="0.0" classname="com.epam.ja.kmw.model.BookTest"/>
  <testcase name="testMethodEqualsForTwoEvenObjects" time="0.0" classname="com.epam.ja.kmw.model.BookTest"/>
  <testcase name="testMethodEqualsForTwoEvenObjects" time="0.0" classname="com.epam.ja.kmw.model.BookTest"/>
  <testcase name="testMethodEqualsForTwoEvenObjects" time="0.001" classname="com.epam.ja.kmw.model.BookTest"/>
  <testcase name="connectionDaoIsGood" time="0.025" classname="com.epam.ja.kmw.dao.impl.ConnectionDaoTest"/>
  <testcase name="connectionDaoIsWrong" time="0.002" classname="com.epam.ja.kmw.dao.impl.ConnectionDaoTest"/>
</testsuite> <!-- Command line test -->
