<?xml version="1.0" encoding="UTF-8"?>
<!-- Generated by org.testng.reporters.JUnitXMLReporter -->
<testsuite hostname="filipm-VirtualBox" name="Command line test" tests="16" failures="0" timestamp="29 Apr 2016 09:04:52 GMT" time="0.532" errors="0">
  <testcase name="testsMethodAddAllBooks" time="0.364" classname="com.epam.ja.kmw.dao.impl.BookDaoImplTest"/>
  <testcase name="testsMethodAddBook" time="0.004" classname="com.epam.ja.kmw.dao.impl.BookDaoImplTest"/>
  <testcase name="testsMethodDelBook" time="0.001" classname="com.epam.ja.kmw.dao.impl.BookDaoImplTest"/>
  <testcase name="testsMethodGetAllBooks" time="0.004" classname="com.epam.ja.kmw.dao.impl.BookDaoImplTest"/>
  <testcase name="testsMethodUpdateBook" time="0.001" classname="com.epam.ja.kmw.dao.impl.BookDaoImplTest"/>
  <testcase name="testIfHashCodeIsDifferentForTwoDifferObjects" time="0.02" classname="com.epam.ja.kmw.model.BookTest"/>
  <testcase name="testIfHashCodeIsSameForIdenticalObjects" time="0.001" classname="com.epam.ja.kmw.model.BookTest"/>
  <testcase name="testMethodEqualsForTwoDifferentObjects" time="0.0" classname="com.epam.ja.kmw.model.BookTest"/>
  <testcase name="testMethodEqualsForTwoEvenObjects" time="0.0" classname="com.epam.ja.kmw.model.BookTest"/>
  <testcase name="connectionDaoIsGood" time="0.007" classname="com.epam.ja.kmw.dao.impl.ConnectionDaoTest"/>
  <testcase name="connectionDaoIsWrong" time="0.001" classname="com.epam.ja.kmw.dao.impl.ConnectionDaoTest"/>
  <testcase name="badlyNamedTest" time="0.0" classname="com.epam.ja.kmw.scraping.LibraryCheckerTest"/>
  <testcase name="createTablePropertiesIsGood" time="0.003" classname="com.epam.ja.kmw.dao.impl.PropertiesDaoImplTest"/>
  <testcase name="createTablePropertiesIsWrong" time="0.001" classname="com.epam.ja.kmw.dao.impl.PropertiesDaoImplTest"/>
  <testcase name="getPropertiesIsGood" time="0.001" classname="com.epam.ja.kmw.dao.impl.PropertiesDaoImplTest"/>
  <testcase name="upgradeIsGood" time="0.009" classname="com.epam.ja.kmw.dao.impl.PropertiesDaoImplTest"/>
</testsuite> <!-- Command line test -->
