<?xml version="1.0" encoding="UTF-8"?>
<testng-results skipped="0" failed="0" total="31" passed="31">
  <reporter-output>
  </reporter-output>
  <suite name="Command line suite" duration-ms="589" started-at="2016-05-12T10:27:02Z" finished-at="2016-05-12T10:27:02Z">
    <groups>
    </groups>
    <test name="Command line test" duration-ms="589" started-at="2016-05-12T10:27:02Z" finished-at="2016-05-12T10:27:02Z">
      <class name="com.epam.ja.kmw.dao.impl.ConnectionDaoTest">
        <test-method status="PASS" signature="sadasdasdasdsadas()[pri:0, instance:com.epam.ja.kmw.dao.impl.ConnectionDaoTest@62b969c4]" name="sadasdasdasdsadas" is-config="true" duration-ms="191" started-at="2016-05-12T12:27:02Z" finished-at="2016-05-12T12:27:02Z">
          <reporter-output>
          </reporter-output>
        </test-method> <!-- sadasdasdasdsadas -->
        <test-method status="PASS" signature="connectionDaoIsGood()[pri:0, instance:com.epam.ja.kmw.dao.impl.ConnectionDaoTest@62b969c4]" name="connectionDaoIsGood" duration-ms="25" started-at="2016-05-12T12:27:02Z" finished-at="2016-05-12T12:27:02Z">
          <reporter-output>
          </reporter-output>
        </test-method> <!-- connectionDaoIsGood -->
        <test-method status="PASS" signature="sadasdasdasdsadas()[pri:0, instance:com.epam.ja.kmw.dao.impl.ConnectionDaoTest@62b969c4]" name="sadasdasdasdsadas" is-config="true" duration-ms="1" started-at="2016-05-12T12:27:02Z" finished-at="2016-05-12T12:27:02Z">
          <reporter-output>
          </reporter-output>
        </test-method> <!-- sadasdasdasdsadas -->
        <test-method status="PASS" signature="connectionDaoIsWrong()[pri:0, instance:com.epam.ja.kmw.dao.impl.ConnectionDaoTest@62b969c4]" name="connectionDaoIsWrong" duration-ms="2" started-at="2016-05-12T12:27:02Z" finished-at="2016-05-12T12:27:02Z">
          <reporter-output>
          </reporter-output>
        </test-method> <!-- connectionDaoIsWrong -->
      </class> <!-- com.epam.ja.kmw.dao.impl.ConnectionDaoTest -->
      <class name="com.epam.ja.kmw.model.BookTest">
        <test-method status="PASS" signature="testIfHashCodeIsDifferentForTwoDifferObjects(java.lang.String, java.lang.String, java.lang.String, java.lang.String)[pri:0, instance:com.epam.ja.kmw.model.BookTest@dcc6211]" name="testIfHashCodeIsDifferentForTwoDifferObjects" duration-ms="78" started-at="2016-05-12T12:27:02Z" data-provider="booksValues" finished-at="2016-05-12T12:27:02Z">
          <params>
            <param index="0">
              <value>
                <![CDATA[wojna]]>
              </value>
            </param>
            <param index="1">
              <value>
                <![CDATA[matrys]]>
              </value>
            </param>
            <param index="2">
              <value>
                <![CDATA[adam]]>
              </value>
            </param>
            <param index="3">
              <value>
                <![CDATA[romance]]>
              </value>
            </param>
          </params>
          <reporter-output>
          </reporter-output>
        </test-method> <!-- testIfHashCodeIsDifferentForTwoDifferObjects -->
        <test-method status="PASS" signature="testIfHashCodeIsDifferentForTwoDifferObjects(java.lang.String, java.lang.String, java.lang.String, java.lang.String)[pri:0, instance:com.epam.ja.kmw.model.BookTest@dcc6211]" name="testIfHashCodeIsDifferentForTwoDifferObjects" duration-ms="0" started-at="2016-05-12T12:27:02Z" data-provider="booksValues" finished-at="2016-05-12T12:27:02Z">
          <params>
            <param index="0">
              <value>
                <![CDATA[pokoj]]>
              </value>
            </param>
            <param index="1">
              <value>
                <![CDATA[empik]]>
              </value>
            </param>
            <param index="2">
              <value>
                <![CDATA[adam]]>
              </value>
            </param>
            <param index="3">
              <value>
                <![CDATA[tag]]>
              </value>
            </param>
          </params>
          <reporter-output>
          </reporter-output>
        </test-method> <!-- testIfHashCodeIsDifferentForTwoDifferObjects -->
        <test-method status="PASS" signature="testIfHashCodeIsDifferentForTwoDifferObjects(java.lang.String, java.lang.String, java.lang.String, java.lang.String)[pri:0, instance:com.epam.ja.kmw.model.BookTest@dcc6211]" name="testIfHashCodeIsDifferentForTwoDifferObjects" duration-ms="0" started-at="2016-05-12T12:27:02Z" data-provider="booksValues" finished-at="2016-05-12T12:27:02Z">
          <params>
            <param index="0">
              <value>
                <![CDATA[historia polski]]>
              </value>
            </param>
            <param index="1">
              <value>
                <![CDATA[ekiosk]]>
              </value>
            </param>
            <param index="2">
              <value>
                <![CDATA[filip]]>
              </value>
            </param>
            <param index="3">
              <value>
                <![CDATA[tag]]>
              </value>
            </param>
          </params>
          <reporter-output>
          </reporter-output>
        </test-method> <!-- testIfHashCodeIsDifferentForTwoDifferObjects -->
        <test-method status="PASS" signature="testIfHashCodeIsSameForIdenticalObjects(java.lang.String, java.lang.String, java.lang.String, java.lang.String)[pri:0, instance:com.epam.ja.kmw.model.BookTest@dcc6211]" name="testIfHashCodeIsSameForIdenticalObjects" duration-ms="0" started-at="2016-05-12T12:27:02Z" data-provider="booksValues" finished-at="2016-05-12T12:27:02Z">
          <params>
            <param index="0">
              <value>
                <![CDATA[wojna]]>
              </value>
            </param>
            <param index="1">
              <value>
                <![CDATA[matrys]]>
              </value>
            </param>
            <param index="2">
              <value>
                <![CDATA[adam]]>
              </value>
            </param>
            <param index="3">
              <value>
                <![CDATA[romance]]>
              </value>
            </param>
          </params>
          <reporter-output>
          </reporter-output>
        </test-method> <!-- testIfHashCodeIsSameForIdenticalObjects -->
        <test-method status="PASS" signature="testIfHashCodeIsSameForIdenticalObjects(java.lang.String, java.lang.String, java.lang.String, java.lang.String)[pri:0, instance:com.epam.ja.kmw.model.BookTest@dcc6211]" name="testIfHashCodeIsSameForIdenticalObjects" duration-ms="0" started-at="2016-05-12T12:27:02Z" data-provider="booksValues" finished-at="2016-05-12T12:27:02Z">
          <params>
            <param index="0">
              <value>
                <![CDATA[pokoj]]>
              </value>
            </param>
            <param index="1">
              <value>
                <![CDATA[empik]]>
              </value>
            </param>
            <param index="2">
              <value>
                <![CDATA[adam]]>
              </value>
            </param>
            <param index="3">
              <value>
                <![CDATA[tag]]>
              </value>
            </param>
          </params>
          <reporter-output>
          </reporter-output>
        </test-method> <!-- testIfHashCodeIsSameForIdenticalObjects -->
        <test-method status="PASS" signature="testIfHashCodeIsDifferentForTwoDifferObjects(java.lang.String, java.lang.String, java.lang.String, java.lang.String)[pri:0, instance:com.epam.ja.kmw.model.BookTest@dcc6211]" name="testIfHashCodeIsDifferentForTwoDifferObjects" duration-ms="0" started-at="2016-05-12T12:27:02Z" data-provider="booksValues" finished-at="2016-05-12T12:27:02Z">
          <params>
            <param index="0">
              <value>
                <![CDATA[drags]]>
              </value>
            </param>
            <param index="1">
              <value>
                <![CDATA[empik]]>
              </value>
            </param>
            <param index="2">
              <value>
                <![CDATA[filip]]>
              </value>
            </param>
            <param index="3">
              <value>
                <![CDATA[narcotics]]>
              </value>
            </param>
          </params>
          <reporter-output>
          </reporter-output>
        </test-method> <!-- testIfHashCodeIsDifferentForTwoDifferObjects -->
        <test-method status="PASS" signature="testIfHashCodeIsSameForIdenticalObjects(java.lang.String, java.lang.String, java.lang.String, java.lang.String)[pri:0, instance:com.epam.ja.kmw.model.BookTest@dcc6211]" name="testIfHashCodeIsSameForIdenticalObjects" duration-ms="0" started-at="2016-05-12T12:27:02Z" data-provider="booksValues" finished-at="2016-05-12T12:27:02Z">
          <params>
            <param index="0">
              <value>
                <![CDATA[drags]]>
              </value>
            </param>
            <param index="1">
              <value>
                <![CDATA[empik]]>
              </value>
            </param>
            <param index="2">
              <value>
                <![CDATA[filip]]>
              </value>
            </param>
            <param index="3">
              <value>
                <![CDATA[narcotics]]>
              </value>
            </param>
          </params>
          <reporter-output>
          </reporter-output>
        </test-method> <!-- testIfHashCodeIsSameForIdenticalObjects -->
        <test-method status="PASS" signature="testIfHashCodeIsSameForIdenticalObjects(java.lang.String, java.lang.String, java.lang.String, java.lang.String)[pri:0, instance:com.epam.ja.kmw.model.BookTest@dcc6211]" name="testIfHashCodeIsSameForIdenticalObjects" duration-ms="0" started-at="2016-05-12T12:27:02Z" data-provider="booksValues" finished-at="2016-05-12T12:27:02Z">
          <params>
            <param index="0">
              <value>
                <![CDATA[historia polski]]>
              </value>
            </param>
            <param index="1">
              <value>
                <![CDATA[ekiosk]]>
              </value>
            </param>
            <param index="2">
              <value>
                <![CDATA[filip]]>
              </value>
            </param>
            <param index="3">
              <value>
                <![CDATA[tag]]>
              </value>
            </param>
          </params>
          <reporter-output>
          </reporter-output>
        </test-method> <!-- testIfHashCodeIsSameForIdenticalObjects -->
        <test-method status="PASS" signature="testMethodEqualsForTwoDifferentObjects(java.lang.String, java.lang.String, java.lang.String, java.lang.String)[pri:0, instance:com.epam.ja.kmw.model.BookTest@dcc6211]" name="testMethodEqualsForTwoDifferentObjects" duration-ms="1" started-at="2016-05-12T12:27:02Z" data-provider="booksValues" finished-at="2016-05-12T12:27:02Z">
          <params>
            <param index="0">
              <value>
                <![CDATA[wojna]]>
              </value>
            </param>
            <param index="1">
              <value>
                <![CDATA[matrys]]>
              </value>
            </param>
            <param index="2">
              <value>
                <![CDATA[adam]]>
              </value>
            </param>
            <param index="3">
              <value>
                <![CDATA[romance]]>
              </value>
            </param>
          </params>
          <reporter-output>
          </reporter-output>
        </test-method> <!-- testMethodEqualsForTwoDifferentObjects -->
        <test-method status="PASS" signature="testMethodEqualsForTwoDifferentObjects(java.lang.String, java.lang.String, java.lang.String, java.lang.String)[pri:0, instance:com.epam.ja.kmw.model.BookTest@dcc6211]" name="testMethodEqualsForTwoDifferentObjects" duration-ms="0" started-at="2016-05-12T12:27:02Z" data-provider="booksValues" finished-at="2016-05-12T12:27:02Z">
          <params>
            <param index="0">
              <value>
                <![CDATA[historia polski]]>
              </value>
            </param>
            <param index="1">
              <value>
                <![CDATA[ekiosk]]>
              </value>
            </param>
            <param index="2">
              <value>
                <![CDATA[filip]]>
              </value>
            </param>
            <param index="3">
              <value>
                <![CDATA[tag]]>
              </value>
            </param>
          </params>
          <reporter-output>
          </reporter-output>
        </test-method> <!-- testMethodEqualsForTwoDifferentObjects -->
        <test-method status="PASS" signature="testMethodEqualsForTwoDifferentObjects(java.lang.String, java.lang.String, java.lang.String, java.lang.String)[pri:0, instance:com.epam.ja.kmw.model.BookTest@dcc6211]" name="testMethodEqualsForTwoDifferentObjects" duration-ms="0" started-at="2016-05-12T12:27:02Z" data-provider="booksValues" finished-at="2016-05-12T12:27:02Z">
          <params>
            <param index="0">
              <value>
                <![CDATA[pokoj]]>
              </value>
            </param>
            <param index="1">
              <value>
                <![CDATA[empik]]>
              </value>
            </param>
            <param index="2">
              <value>
                <![CDATA[adam]]>
              </value>
            </param>
            <param index="3">
              <value>
                <![CDATA[tag]]>
              </value>
            </param>
          </params>
          <reporter-output>
          </reporter-output>
        </test-method> <!-- testMethodEqualsForTwoDifferentObjects -->
        <test-method status="PASS" signature="testMethodEqualsForTwoDifferentObjects(java.lang.String, java.lang.String, java.lang.String, java.lang.String)[pri:0, instance:com.epam.ja.kmw.model.BookTest@dcc6211]" name="testMethodEqualsForTwoDifferentObjects" duration-ms="1" started-at="2016-05-12T12:27:02Z" data-provider="booksValues" finished-at="2016-05-12T12:27:02Z">
          <params>
            <param index="0">
              <value>
                <![CDATA[drags]]>
              </value>
            </param>
            <param index="1">
              <value>
                <![CDATA[empik]]>
              </value>
            </param>
            <param index="2">
              <value>
                <![CDATA[filip]]>
              </value>
            </param>
            <param index="3">
              <value>
                <![CDATA[narcotics]]>
              </value>
            </param>
          </params>
          <reporter-output>
          </reporter-output>
        </test-method> <!-- testMethodEqualsForTwoDifferentObjects -->
        <test-method status="PASS" signature="testMethodEqualsForTwoEvenObjects(java.lang.String, java.lang.String, java.lang.String, java.lang.String)[pri:0, instance:com.epam.ja.kmw.model.BookTest@dcc6211]" name="testMethodEqualsForTwoEvenObjects" duration-ms="1" started-at="2016-05-12T12:27:02Z" data-provider="booksValues" finished-at="2016-05-12T12:27:02Z">
          <params>
            <param index="0">
              <value>
                <![CDATA[drags]]>
              </value>
            </param>
            <param index="1">
              <value>
                <![CDATA[empik]]>
              </value>
            </param>
            <param index="2">
              <value>
                <![CDATA[filip]]>
              </value>
            </param>
            <param index="3">
              <value>
                <![CDATA[narcotics]]>
              </value>
            </param>
          </params>
          <reporter-output>
          </reporter-output>
        </test-method> <!-- testMethodEqualsForTwoEvenObjects -->
        <test-method status="PASS" signature="testMethodEqualsForTwoEvenObjects(java.lang.String, java.lang.String, java.lang.String, java.lang.String)[pri:0, instance:com.epam.ja.kmw.model.BookTest@dcc6211]" name="testMethodEqualsForTwoEvenObjects" duration-ms="0" started-at="2016-05-12T12:27:02Z" data-provider="booksValues" finished-at="2016-05-12T12:27:02Z">
          <params>
            <param index="0">
              <value>
                <![CDATA[wojna]]>
              </value>
            </param>
            <param index="1">
              <value>
                <![CDATA[matrys]]>
              </value>
            </param>
            <param index="2">
              <value>
                <![CDATA[adam]]>
              </value>
            </param>
            <param index="3">
              <value>
                <![CDATA[romance]]>
              </value>
            </param>
          </params>
          <reporter-output>
          </reporter-output>
        </test-method> <!-- testMethodEqualsForTwoEvenObjects -->
        <test-method status="PASS" signature="testMethodEqualsForTwoEvenObjects(java.lang.String, java.lang.String, java.lang.String, java.lang.String)[pri:0, instance:com.epam.ja.kmw.model.BookTest@dcc6211]" name="testMethodEqualsForTwoEvenObjects" duration-ms="0" started-at="2016-05-12T12:27:02Z" data-provider="booksValues" finished-at="2016-05-12T12:27:02Z">
          <params>
            <param index="0">
              <value>
                <![CDATA[pokoj]]>
              </value>
            </param>
            <param index="1">
              <value>
                <![CDATA[empik]]>
              </value>
            </param>
            <param index="2">
              <value>
                <![CDATA[adam]]>
              </value>
            </param>
            <param index="3">
              <value>
                <![CDATA[tag]]>
              </value>
            </param>
          </params>
          <reporter-output>
          </reporter-output>
        </test-method> <!-- testMethodEqualsForTwoEvenObjects -->
        <test-method status="PASS" signature="testMethodEqualsForTwoEvenObjects(java.lang.String, java.lang.String, java.lang.String, java.lang.String)[pri:0, instance:com.epam.ja.kmw.model.BookTest@dcc6211]" name="testMethodEqualsForTwoEvenObjects" duration-ms="0" started-at="2016-05-12T12:27:02Z" data-provider="booksValues" finished-at="2016-05-12T12:27:02Z">
          <params>
            <param index="0">
              <value>
                <![CDATA[historia polski]]>
              </value>
            </param>
            <param index="1">
              <value>
                <![CDATA[ekiosk]]>
              </value>
            </param>
            <param index="2">
              <value>
                <![CDATA[filip]]>
              </value>
            </param>
            <param index="3">
              <value>
                <![CDATA[tag]]>
              </value>
            </param>
          </params>
          <reporter-output>
          </reporter-output>
        </test-method> <!-- testMethodEqualsForTwoEvenObjects -->
      </class> <!-- com.epam.ja.kmw.model.BookTest -->
      <class name="com.epam.ja.kmw.dao.impl.BookDaoImplTest">
        <test-method status="PASS" signature="testsMethodAddAllBooks(java.util.ArrayList)[pri:0, instance:com.epam.ja.kmw.dao.impl.BookDaoImplTest@3e1624c7]" name="testsMethodAddAllBooks" duration-ms="150" started-at="2016-05-12T12:27:02Z" data-provider="bookListsValues" finished-at="2016-05-12T12:27:02Z">
          <params>
            <param index="0">
              <value>
                <![CDATA[[Book [ id= 0, title= wojna, bookStore= matrys ], Book [ id= 0, title= pokoj, bookStore= ekiosk ], Book [ id= 0, title= sexinthecity, bookStore= empik ]]]]>
              </value>
            </param>
          </params>
          <reporter-output>
          </reporter-output>
        </test-method> <!-- testsMethodAddAllBooks -->
        <test-method status="PASS" signature="testsMethodAddAllBooks(java.util.ArrayList)[pri:0, instance:com.epam.ja.kmw.dao.impl.BookDaoImplTest@3e1624c7]" name="testsMethodAddAllBooks" duration-ms="19" started-at="2016-05-12T12:27:02Z" data-provider="bookListsValues" finished-at="2016-05-12T12:27:02Z">
          <params>
            <param index="0">
              <value>
                <![CDATA[[Book [ id= 0, title= wojna, bookStore= matrys ], Book [ id= 0, title= pokoj, bookStore= empik ], Book [ id= 0, title= romansidlo, bookStore= gandalf ]]]]>
              </value>
            </param>
          </params>
          <reporter-output>
          </reporter-output>
        </test-method> <!-- testsMethodAddAllBooks -->
        <test-method status="PASS" signature="testsMethodAddAllBooks(java.util.ArrayList)[pri:0, instance:com.epam.ja.kmw.dao.impl.BookDaoImplTest@3e1624c7]" name="testsMethodAddAllBooks" duration-ms="19" started-at="2016-05-12T12:27:02Z" data-provider="bookListsValues" finished-at="2016-05-12T12:27:02Z">
          <params>
            <param index="0">
              <value>
                <![CDATA[[Book [ id= 0, title= madmax, bookStore= gandalf ], Book [ id= 0, title= pokoj, bookStore= matrys ], Book [ id= 0, title= biologia, bookStore= ekiosk ]]]]>
              </value>
            </param>
          </params>
          <reporter-output>
          </reporter-output>
        </test-method> <!-- testsMethodAddAllBooks -->
        <test-method status="PASS" signature="testsMethodAddBook(java.lang.String, java.lang.String, java.lang.String, java.lang.String)[pri:0, instance:com.epam.ja.kmw.dao.impl.BookDaoImplTest@3e1624c7]" name="testsMethodAddBook" duration-ms="7" started-at="2016-05-12T12:27:02Z" data-provider="booksValues" finished-at="2016-05-12T12:27:02Z">
          <params>
            <param index="0">
              <value>
                <![CDATA[wojna]]>
              </value>
            </param>
            <param index="1">
              <value>
                <![CDATA[matrys]]>
              </value>
            </param>
            <param index="2">
              <value>
                <![CDATA[adam]]>
              </value>
            </param>
            <param index="3">
              <value>
                <![CDATA[romans]]>
              </value>
            </param>
          </params>
          <reporter-output>
          </reporter-output>
        </test-method> <!-- testsMethodAddBook -->
        <test-method status="PASS" signature="testsMethodAddBook(java.lang.String, java.lang.String, java.lang.String, java.lang.String)[pri:0, instance:com.epam.ja.kmw.dao.impl.BookDaoImplTest@3e1624c7]" name="testsMethodAddBook" duration-ms="4" started-at="2016-05-12T12:27:02Z" data-provider="booksValues" finished-at="2016-05-12T12:27:02Z">
          <params>
            <param index="0">
              <value>
                <![CDATA[pokoj]]>
              </value>
            </param>
            <param index="1">
              <value>
                <![CDATA[empik]]>
              </value>
            </param>
            <param index="2">
              <value>
                <![CDATA[adam]]>
              </value>
            </param>
            <param index="3">
              <value>
                <![CDATA[tag]]>
              </value>
            </param>
          </params>
          <reporter-output>
          </reporter-output>
        </test-method> <!-- testsMethodAddBook -->
        <test-method status="PASS" signature="testsMethodAddBook(java.lang.String, java.lang.String, java.lang.String, java.lang.String)[pri:0, instance:com.epam.ja.kmw.dao.impl.BookDaoImplTest@3e1624c7]" name="testsMethodAddBook" duration-ms="5" started-at="2016-05-12T12:27:02Z" data-provider="booksValues" finished-at="2016-05-12T12:27:02Z">
          <params>
            <param index="0">
              <value>
                <![CDATA[historia polski]]>
              </value>
            </param>
            <param index="1">
              <value>
                <![CDATA[matrys]]>
              </value>
            </param>
            <param index="2">
              <value>
                <![CDATA[filip]]>
              </value>
            </param>
            <param index="3">
              <value>
                <![CDATA[tag]]>
              </value>
            </param>
          </params>
          <reporter-output>
          </reporter-output>
        </test-method> <!-- testsMethodAddBook -->
        <test-method status="PASS" signature="testsMethodAddBook(java.lang.String, java.lang.String, java.lang.String, java.lang.String)[pri:0, instance:com.epam.ja.kmw.dao.impl.BookDaoImplTest@3e1624c7]" name="testsMethodAddBook" duration-ms="5" started-at="2016-05-12T12:27:02Z" data-provider="booksValues" finished-at="2016-05-12T12:27:02Z">
          <params>
            <param index="0">
              <value>
                <![CDATA[drags]]>
              </value>
            </param>
            <param index="1">
              <value>
                <![CDATA[empik]]>
              </value>
            </param>
            <param index="2">
              <value>
                <![CDATA[filip]]>
              </value>
            </param>
            <param index="3">
              <value>
                <![CDATA[narcotics]]>
              </value>
            </param>
          </params>
          <reporter-output>
          </reporter-output>
        </test-method> <!-- testsMethodAddBook -->
        <test-method status="PASS" signature="testsMethodDelBook()[pri:0, instance:com.epam.ja.kmw.dao.impl.BookDaoImplTest@3e1624c7]" name="testsMethodDelBook" duration-ms="2" started-at="2016-05-12T12:27:02Z" finished-at="2016-05-12T12:27:02Z">
          <reporter-output>
          </reporter-output>
        </test-method> <!-- testsMethodDelBook -->
        <test-method status="PASS" signature="testsMethodGetAllBooks()[pri:0, instance:com.epam.ja.kmw.dao.impl.BookDaoImplTest@3e1624c7]" name="testsMethodGetAllBooks" duration-ms="12" started-at="2016-05-12T12:27:02Z" finished-at="2016-05-12T12:27:02Z">
          <reporter-output>
          </reporter-output>
        </test-method> <!-- testsMethodGetAllBooks -->
        <test-method status="PASS" signature="testsMethodUpdateBook(java.lang.String, java.lang.String, java.lang.String, java.lang.String)[pri:0, instance:com.epam.ja.kmw.dao.impl.BookDaoImplTest@3e1624c7]" name="testsMethodUpdateBook" duration-ms="2" started-at="2016-05-12T12:27:02Z" data-provider="booksValues" finished-at="2016-05-12T12:27:02Z">
          <params>
            <param index="0">
              <value>
                <![CDATA[wojna]]>
              </value>
            </param>
            <param index="1">
              <value>
                <![CDATA[matrys]]>
              </value>
            </param>
            <param index="2">
              <value>
                <![CDATA[adam]]>
              </value>
            </param>
            <param index="3">
              <value>
                <![CDATA[romans]]>
              </value>
            </param>
          </params>
          <reporter-output>
          </reporter-output>
        </test-method> <!-- testsMethodUpdateBook -->
        <test-method status="PASS" signature="testsMethodUpdateBook(java.lang.String, java.lang.String, java.lang.String, java.lang.String)[pri:0, instance:com.epam.ja.kmw.dao.impl.BookDaoImplTest@3e1624c7]" name="testsMethodUpdateBook" duration-ms="2" started-at="2016-05-12T12:27:02Z" data-provider="booksValues" finished-at="2016-05-12T12:27:02Z">
          <params>
            <param index="0">
              <value>
                <![CDATA[pokoj]]>
              </value>
            </param>
            <param index="1">
              <value>
                <![CDATA[empik]]>
              </value>
            </param>
            <param index="2">
              <value>
                <![CDATA[adam]]>
              </value>
            </param>
            <param index="3">
              <value>
                <![CDATA[tag]]>
              </value>
            </param>
          </params>
          <reporter-output>
          </reporter-output>
        </test-method> <!-- testsMethodUpdateBook -->
        <test-method status="PASS" signature="testsMethodUpdateBook(java.lang.String, java.lang.String, java.lang.String, java.lang.String)[pri:0, instance:com.epam.ja.kmw.dao.impl.BookDaoImplTest@3e1624c7]" name="testsMethodUpdateBook" duration-ms="1" started-at="2016-05-12T12:27:02Z" data-provider="booksValues" finished-at="2016-05-12T12:27:02Z">
          <params>
            <param index="0">
              <value>
                <![CDATA[historia polski]]>
              </value>
            </param>
            <param index="1">
              <value>
                <![CDATA[matrys]]>
              </value>
            </param>
            <param index="2">
              <value>
                <![CDATA[filip]]>
              </value>
            </param>
            <param index="3">
              <value>
                <![CDATA[tag]]>
              </value>
            </param>
          </params>
          <reporter-output>
          </reporter-output>
        </test-method> <!-- testsMethodUpdateBook -->
        <test-method status="PASS" signature="testsMethodUpdateBook(java.lang.String, java.lang.String, java.lang.String, java.lang.String)[pri:0, instance:com.epam.ja.kmw.dao.impl.BookDaoImplTest@3e1624c7]" name="testsMethodUpdateBook" duration-ms="2" started-at="2016-05-12T12:27:02Z" data-provider="booksValues" finished-at="2016-05-12T12:27:02Z">
          <params>
            <param index="0">
              <value>
                <![CDATA[drags]]>
              </value>
            </param>
            <param index="1">
              <value>
                <![CDATA[empik]]>
              </value>
            </param>
            <param index="2">
              <value>
                <![CDATA[filip]]>
              </value>
            </param>
            <param index="3">
              <value>
                <![CDATA[narcotics]]>
              </value>
            </param>
          </params>
          <reporter-output>
          </reporter-output>
        </test-method> <!-- testsMethodUpdateBook -->
      </class> <!-- com.epam.ja.kmw.dao.impl.BookDaoImplTest -->
    </test> <!-- Command line test -->
  </suite> <!-- Command line suite -->
</testng-results>
