<?xml version="1.0" encoding="UTF-8"?>
<testng-results skipped="0" failed="0" total="13" passed="13">
  <reporter-output>
  </reporter-output>
  <suite name="Default suite" duration-ms="272" started-at="2016-05-12T14:19:06Z" finished-at="2016-05-12T14:19:07Z">
    <groups>
    </groups>
    <test name="Default test" duration-ms="272" started-at="2016-05-12T14:19:06Z" finished-at="2016-05-12T14:19:07Z">
      <class name="com.epam.ja.kmw.dao.impl.BookDaoImplTest">
        <test-method status="PASS" signature="testsMethodAddAllBooks(java.util.ArrayList)[pri:0, instance:com.epam.ja.kmw.dao.impl.BookDaoImplTest@77e9807f]" name="testsMethodAddAllBooks" duration-ms="130" started-at="2016-05-12T16:19:06Z" data-provider="bookListsValues" finished-at="2016-05-12T16:19:07Z">
          <params>
            <param index="0">
              <value>
                <![CDATA[[Book [ id= 0, title= wojna, bookStore= matrys ], Book [ id= 0, title= pokoj, bookStore= ekiosk ], Book [ id= 0, title= sexinthecity, bookStore= empik ]]]]>
              </value>
            </param>
          </params>
          <reporter-output>
          </reporter-output>
        </test-method> <!-- testsMethodAddAllBooks -->
        <test-method status="PASS" signature="testsMethodAddAllBooks(java.util.ArrayList)[pri:0, instance:com.epam.ja.kmw.dao.impl.BookDaoImplTest@77e9807f]" name="testsMethodAddAllBooks" duration-ms="30" started-at="2016-05-12T16:19:07Z" data-provider="bookListsValues" finished-at="2016-05-12T16:19:07Z">
          <params>
            <param index="0">
              <value>
                <![CDATA[[Book [ id= 0, title= wojna, bookStore= matrys ], Book [ id= 0, title= pokoj, bookStore= empik ], Book [ id= 0, title= romansidlo, bookStore= gandalf ]]]]>
              </value>
            </param>
          </params>
          <reporter-output>
          </reporter-output>
        </test-method> <!-- testsMethodAddAllBooks -->
        <test-method status="PASS" signature="testsMethodAddAllBooks(java.util.ArrayList)[pri:0, instance:com.epam.ja.kmw.dao.impl.BookDaoImplTest@77e9807f]" name="testsMethodAddAllBooks" duration-ms="15" started-at="2016-05-12T16:19:07Z" data-provider="bookListsValues" finished-at="2016-05-12T16:19:07Z">
          <params>
            <param index="0">
              <value>
                <![CDATA[[Book [ id= 0, title= madmax, bookStore= gandalf ], Book [ id= 0, title= pokoj, bookStore= matrys ], Book [ id= 0, title= biologia, bookStore= ekiosk ]]]]>
              </value>
            </param>
          </params>
          <reporter-output>
          </reporter-output>
        </test-method> <!-- testsMethodAddAllBooks -->
        <test-method status="PASS" signature="testsMethodAddBook(java.lang.String, java.lang.String, java.lang.String, java.lang.String)[pri:0, instance:com.epam.ja.kmw.dao.impl.BookDaoImplTest@77e9807f]" name="testsMethodAddBook" duration-ms="12" started-at="2016-05-12T16:19:07Z" data-provider="booksValues" finished-at="2016-05-12T16:19:07Z">
          <params>
            <param index="0">
              <value>
                <![CDATA[wojna]]>
              </value>
            </param>
            <param index="1">
              <value>
                <![CDATA[matrys]]>
              </value>
            </param>
            <param index="2">
              <value>
                <![CDATA[adam]]>
              </value>
            </param>
            <param index="3">
              <value>
                <![CDATA[romans]]>
              </value>
            </param>
          </params>
          <reporter-output>
          </reporter-output>
        </test-method> <!-- testsMethodAddBook -->
        <test-method status="PASS" signature="testsMethodAddBook(java.lang.String, java.lang.String, java.lang.String, java.lang.String)[pri:0, instance:com.epam.ja.kmw.dao.impl.BookDaoImplTest@77e9807f]" name="testsMethodAddBook" duration-ms="5" started-at="2016-05-12T16:19:07Z" data-provider="booksValues" finished-at="2016-05-12T16:19:07Z">
          <params>
            <param index="0">
              <value>
                <![CDATA[pokoj]]>
              </value>
            </param>
            <param index="1">
              <value>
                <![CDATA[empik]]>
              </value>
            </param>
            <param index="2">
              <value>
                <![CDATA[adam]]>
              </value>
            </param>
            <param index="3">
              <value>
                <![CDATA[tag]]>
              </value>
            </param>
          </params>
          <reporter-output>
          </reporter-output>
        </test-method> <!-- testsMethodAddBook -->
        <test-method status="PASS" signature="testsMethodAddBook(java.lang.String, java.lang.String, java.lang.String, java.lang.String)[pri:0, instance:com.epam.ja.kmw.dao.impl.BookDaoImplTest@77e9807f]" name="testsMethodAddBook" duration-ms="5" started-at="2016-05-12T16:19:07Z" data-provider="booksValues" finished-at="2016-05-12T16:19:07Z">
          <params>
            <param index="0">
              <value>
                <![CDATA[historia polski]]>
              </value>
            </param>
            <param index="1">
              <value>
                <![CDATA[matrys]]>
              </value>
            </param>
            <param index="2">
              <value>
                <![CDATA[filip]]>
              </value>
            </param>
            <param index="3">
              <value>
                <![CDATA[tag]]>
              </value>
            </param>
          </params>
          <reporter-output>
          </reporter-output>
        </test-method> <!-- testsMethodAddBook -->
        <test-method status="PASS" signature="testsMethodAddBook(java.lang.String, java.lang.String, java.lang.String, java.lang.String)[pri:0, instance:com.epam.ja.kmw.dao.impl.BookDaoImplTest@77e9807f]" name="testsMethodAddBook" duration-ms="15" started-at="2016-05-12T16:19:07Z" data-provider="booksValues" finished-at="2016-05-12T16:19:07Z">
          <params>
            <param index="0">
              <value>
                <![CDATA[drags]]>
              </value>
            </param>
            <param index="1">
              <value>
                <![CDATA[empik]]>
              </value>
            </param>
            <param index="2">
              <value>
                <![CDATA[filip]]>
              </value>
            </param>
            <param index="3">
              <value>
                <![CDATA[narcotics]]>
              </value>
            </param>
          </params>
          <reporter-output>
          </reporter-output>
        </test-method> <!-- testsMethodAddBook -->
        <test-method status="PASS" signature="testsMethodDelBook()[pri:0, instance:com.epam.ja.kmw.dao.impl.BookDaoImplTest@77e9807f]" name="testsMethodDelBook" duration-ms="6" started-at="2016-05-12T16:19:07Z" finished-at="2016-05-12T16:19:07Z">
          <reporter-output>
          </reporter-output>
        </test-method> <!-- testsMethodDelBook -->
        <test-method status="PASS" signature="testsMethodGetAllBooks()[pri:0, instance:com.epam.ja.kmw.dao.impl.BookDaoImplTest@77e9807f]" name="testsMethodGetAllBooks" duration-ms="9" started-at="2016-05-12T16:19:07Z" finished-at="2016-05-12T16:19:07Z">
          <reporter-output>
          </reporter-output>
        </test-method> <!-- testsMethodGetAllBooks -->
        <test-method status="PASS" signature="testsMethodUpdateBook(java.lang.String, java.lang.String, java.lang.String, java.lang.String)[pri:0, instance:com.epam.ja.kmw.dao.impl.BookDaoImplTest@77e9807f]" name="testsMethodUpdateBook" duration-ms="3" started-at="2016-05-12T16:19:07Z" data-provider="booksValues" finished-at="2016-05-12T16:19:07Z">
          <params>
            <param index="0">
              <value>
                <![CDATA[wojna]]>
              </value>
            </param>
            <param index="1">
              <value>
                <![CDATA[matrys]]>
              </value>
            </param>
            <param index="2">
              <value>
                <![CDATA[adam]]>
              </value>
            </param>
            <param index="3">
              <value>
                <![CDATA[romans]]>
              </value>
            </param>
          </params>
          <reporter-output>
          </reporter-output>
        </test-method> <!-- testsMethodUpdateBook -->
        <test-method status="PASS" signature="testsMethodUpdateBook(java.lang.String, java.lang.String, java.lang.String, java.lang.String)[pri:0, instance:com.epam.ja.kmw.dao.impl.BookDaoImplTest@77e9807f]" name="testsMethodUpdateBook" duration-ms="2" started-at="2016-05-12T16:19:07Z" data-provider="booksValues" finished-at="2016-05-12T16:19:07Z">
          <params>
            <param index="0">
              <value>
                <![CDATA[pokoj]]>
              </value>
            </param>
            <param index="1">
              <value>
                <![CDATA[empik]]>
              </value>
            </param>
            <param index="2">
              <value>
                <![CDATA[adam]]>
              </value>
            </param>
            <param index="3">
              <value>
                <![CDATA[tag]]>
              </value>
            </param>
          </params>
          <reporter-output>
          </reporter-output>
        </test-method> <!-- testsMethodUpdateBook -->
        <test-method status="PASS" signature="testsMethodUpdateBook(java.lang.String, java.lang.String, java.lang.String, java.lang.String)[pri:0, instance:com.epam.ja.kmw.dao.impl.BookDaoImplTest@77e9807f]" name="testsMethodUpdateBook" duration-ms="1" started-at="2016-05-12T16:19:07Z" data-provider="booksValues" finished-at="2016-05-12T16:19:07Z">
          <params>
            <param index="0">
              <value>
                <![CDATA[historia polski]]>
              </value>
            </param>
            <param index="1">
              <value>
                <![CDATA[matrys]]>
              </value>
            </param>
            <param index="2">
              <value>
                <![CDATA[filip]]>
              </value>
            </param>
            <param index="3">
              <value>
                <![CDATA[tag]]>
              </value>
            </param>
          </params>
          <reporter-output>
          </reporter-output>
        </test-method> <!-- testsMethodUpdateBook -->
        <test-method status="PASS" signature="testsMethodUpdateBook(java.lang.String, java.lang.String, java.lang.String, java.lang.String)[pri:0, instance:com.epam.ja.kmw.dao.impl.BookDaoImplTest@77e9807f]" name="testsMethodUpdateBook" duration-ms="2" started-at="2016-05-12T16:19:07Z" data-provider="booksValues" finished-at="2016-05-12T16:19:07Z">
          <params>
            <param index="0">
              <value>
                <![CDATA[drags]]>
              </value>
            </param>
            <param index="1">
              <value>
                <![CDATA[empik]]>
              </value>
            </param>
            <param index="2">
              <value>
                <![CDATA[filip]]>
              </value>
            </param>
            <param index="3">
              <value>
                <![CDATA[narcotics]]>
              </value>
            </param>
          </params>
          <reporter-output>
          </reporter-output>
        </test-method> <!-- testsMethodUpdateBook -->
      </class> <!-- com.epam.ja.kmw.dao.impl.BookDaoImplTest -->
    </test> <!-- Default test -->
  </suite> <!-- Default suite -->
</testng-results>
